Objective Function: 402170
#
ABM 103
ABM 180
ABT 101
AECO 10
AECO 104
AECO 122
AENG 1
AENG 11
AENG 131
AENG 144
AENG 145
AENG 151
AENG 160
AENG 165
AENG 191
AENG 51
AERS 160
AGME 150
AGR 114
AGR 150
AGRS 115
AMAT 110
AMAT 115
ANSC 171
APHY 103
APHY 131
BIO 1
BIO 120
BIO 180
BIO 192
BIO 2
BIO 70
BOT 140
CE 12
CERP 11
CHEM 111.1
CMSC 128
CMSC 56
COMA 192
ChE 193
ChE 31
DEVC 10
DEVC 50
ECON 103
ECON 172
EDUC 122
EE 11
EE 120
EE 126
EE 130
ENT 140
FBS 101
FBS 172
FST 102
HFDS 113
HNF 152
HORT 125
HUME 102
MATH 103
MATH 36
MCB 101
MCB 180
MGT 151
MS 42
SFI 101
SFI 124
SFI 168
SOIL 142
SOIL 160
SPAN I
SPCM 103
STAT 144
STAT 146
SUTC 154
ZOO 146
#
ABM 171
AECO 103
AECO 140
AECO 160
AENG 132
AENG 153
AENG 155
AENG 168
AENG 37
AENG 40
AERS 154
AGR 112
AGR 133
AMAT 150
AMAT 161
AMAT 172
ANSC 101
ANSC 105
ANTH 10
APHY 104
APHY 132
BIO 130a
BIO 131
BIO 151
BIO 3
BOT 142
CE 122
CE 135
CERP 122
CERP 134
CHEM 112
CHEM 115
CHEM 162
CHEM 32
CMSC 123
CMSC 141
ChE 156
DEVC 11
DEVC 132
DEVC 151
DEVC 20
ECON 10(SSP)
EE 12
EE 131
EE 15
ENG 103
ENT 110
FBS 181
FBS 45
FPPS 161
FRM 167
HFDS 114
HFDS 122
HFDS 41
HIST 1(SSP)
HORT 141
IE 191
MATH 28
MATH 38
MGT 113
MGT 161
PHYS 82
SDS 113
SFFG 182
SOIL 151
SPAN II
THEA 109
#
AECO 111
AECO 112
AENG 140
AENG 181
AGR 152
AMAT 162
AMAT 191b
ANSC 111
ANSC 131
APHY 140
BIO 101
BIO 150
BIO 191
BOT 132
CE 134
CE 171
CERP 152
CHEM 111
CHEM 112.1
CHEM 137
CMSC 125
CMSC 2
ChE 142
ChE 143
ECON 104
EE 141
EE 170
EE 21
ENG 104
ENSC 14
ENT 125
FBS 31
FOR 1
FPPS 128
FRM 92
FST 111
FST 166
HFDS 44
HORT 40
IE 136
IE 32
MATH 130
MATH 135
MGT 109
MGT 121
NASC 9(MST)
PHYS 170
PPTH 112
SFI 143
SOC 135
SOC 150
STAT 1
STAT 156
#
AECO 120
AECO 121
AENG 30
AGR 116
AMAT 168
APHY 191
BIO 130b
BIO 159
CE 131
CE 132
CE 136
CERP 133
CHEM 120
CHEM 160.1
CHEM 32.1
CMSC 132
COMA 104
ChE 147
ChE 155
DEVC 142
DEVC 152
ECON 110
ECON 151
EE 145
EE 160
EE 179
EE 18
EE 41
ENSC 15
ENT 151
ENT 191
FBS 21
FBS 36
FPPS 172
FRM 119
HNF 111
HNF 123
HORT 116
HUME 101
IE 151
IE 155
MATH 101
MATH 112
MCB 130
MGT 111
MGT 115
MGT 155
PHYS 131
PPTH 106
PSY 155
SFFG 149
SFI 133
SFI 172
SOSC 1(SSP)
#
AECO 123
AENG 31
AGR 141
AGR 170
AGRI 195
AMAT 170
ANSC 1
ANSC 103
BIO 140
BOT 101
CE 137
CERP 21
CHEM 102
CHEM 120.1
CHEM 133
CHEM 192
CMSC 142
CMSC 22
ChE 149
ChE 192
ECON 137
ECON 185
EE 151
ENG 102
ENSC 11
ENT 172
FPPS 127
FRM 100
FST 131
HNF 11
HNF 132
HORT 109
HORT 113
HORT 130
HUM 3(AH)
IE 181
MATH 152
MGT 117
POSC 14
PPTH 114
SFI 100
SFI 123
SFI 182
SOC 175
STAT 191
ZOO 191
ZOTC 113
#
AECO 130
AENG 41
AGR 50
AMAT 191a
ANSC 102
ANSC 116
BOT 1
BOT 150
CHEM 131
CHEM 173
CHEM 185
CHEM 43
CHEM 44
CMSC 130
COMA 193
ChE 152
ChE 170
DEVC 123
DEVC 134
DEVC 143
DEVC 40
ECON 141
EE 158
ENG 10
ENG 4
ENT 101
ENT 195
FRM 110
FST 130
FST 147
HNF 61
HORT 115
HORT 145
HORT 149
HUM 2(AH)
MCB 1
MGT 101
MGT 141
ZOO 140
#
AECO 141
AENG 42
AENG 61
AGRI 111
ANSC 121
BOT 3
CE 141
CE 161
CHEM 137.1
CHEM 43.1
CMSC 161
CMSC 21
ChE 172
DEVC 102
DEVC 131
ECON 181
EE 159
EE 165
ENG 105
ENSC 90
FIL 21
FPPS 140
FST 132
FST 141
HFDS 12
HFDS 121
HORT 119
HUME 10(SSP)
MATH 120
MATH 166
MGT 181
SFFG 125
SOIL 110
STAT 151
STS 10(MST)
SUTC 170
SUTC 185
#
AECO 150
AENG 52
AGRI 121
CE 152
CHEM 140
CHEM 160
CMSC 170
ChE 191
DEVC 124
ECON 102
EE 171
ENG 1(AH)
ENG 2(AH)
FIL 150
HUM 160
MATH 175
SPCM 105
STAT 164
STS 1
#
AECO 151
AENG 60
AENG 90
ANSC 104
ANSC 2
CE 162
CHEM 161
CHEM 161.1
CHEM 17
CHEM 44.1
ChE 185
DEVC 140
DEVC 70
ENG 107
FPPS 11
FRM 140
HNF 191
HNF 21
HORT 106
LTS 2
MATH 14
MATH 2(MST)
MATH 26
PHYS 83
PI 100
WLDL 155
ZOTC 116
#
AENG 2
AENG 62
ANSC 106
BIO 30
CHEM 171
ChE 180
DEVC 197
ECON 121
EE 1
EE 181
FRCH 11
FRM 104
FST 140
HNF 151
HUME 1
JAP 11
MATH 156
MATH 18
MATH 37
MCB 120
NASC 3(MST)
NASC 4(MST)
PHYS 192
POSC 1(SSP)
SOC 119
SPCM 1(AH)
SPCM 107
#
AENG 70
ANSC 122
ANSC 191
BOT 20
CHEM 15
CHEM 180
CMSC 100
DEVC 180
ECON 130
ENSC 13
ENSC 16b
FRM 184
FST 161
IT 1(MST)
MATH 182
MCB 102
PHLO 171
PHYS 3
SOC 195
STAT 145
ZOO 148
#
ANSC 135
ANSC 70
CHEM 15.1
CHEM 17.1
ChE 41
DEVC 80
ENSC 14a
ENSC 18
FST 170
HUM 170
MATH 192
NASC 5(MST)
PHLO 1(SSP)
PHYS 13
PSY 148
SFI 120
SOC 129
SOIL 130
SOSC 3(SSP)
ZOO 185
ZOTC 117
#
CHEM 40
CRPT 1
ECON 101
EDUC 102
ENSC 10b
ENSC 21
FRM 117
HORT 118
HORT 30
MCB 103
MCB 181
PHYS 1
SFI 121
SOC 112
SPCM 102
SPCM 104
ZOO 11
#
CHEM 40.1
ENSC 16
FRM 61
HFDS 13
HNF 12
HORT 20
HUME 103
MATH 17
MATH 27
MCB 160
MGT 131
NASC 1(MST)
NASC 7(MST)
SOC 10
SOIL 140
SOSC 2(SSP)
ZOO 120
#
CMSC 11
CRSC 2
EDUC 11
ENSC 26
FIL 20
FRM 153
HIST 2(SSP)
HUM 1(AH)
NASC 6(MST)
NASC 8(MST)
PPTH 104
PSY 1(SSP)
SFI 122
SOC 130
STAT 162
STAT 167
ZOO 1
#
CRPT 2
CWTS 1
ENSC 12
FPPS 183
HNF 41
MATH 1(MST)
MATH 11
NASC 2(MST)
PHYS 121
PPTH 101
SFFG 152
SOC 110
SOC 140
STAT 101
STAT 166
STAT 182
SUTC 193
ZOO 113
ZOO 115
ZOO 180
ZOTC 114
#
CRSC 1
ECON 11
EDUC 44
ENSC 17
IE 141
MCB 150
MGT 1
MGT 133
MST 123
NASC 10(MST)
PPTH 115
PPTH 131
SFFG 111
SOC 165
SOIL 150
SUTC 181
THEA 107
THEA 115
ZOO 173
#
CWTS 2
ENSC 10a
IE 150
LTS 1
PPTH 141
SOIL 1
STAT 163
ZOO 117
